{"level":"info","message":"GET /","timestamp":"2024-07-15T09:29:32.119Z"}
{"level":"info","message":"POST /api/auth/register","timestamp":"2024-07-15T09:30:35.222Z"}
{"level":"info","message":"POST /api/auth/login","timestamp":"2024-07-15T09:30:54.982Z"}
{"level":"info","message":"POST /api/orders/26","timestamp":"2024-07-15T09:33:47.683Z"}
{"level":"info","message":"POST /api/orders/26","timestamp":"2024-07-15T09:37:58.632Z"}
{"level":"info","message":"POST /api/auth/login","timestamp":"2024-07-15T09:42:07.407Z"}
{"level":"info","message":"POST /api/auth/login","timestamp":"2024-07-15T09:42:53.688Z"}
{"level":"info","message":"POST /api/auth/login","timestamp":"2024-07-15T09:45:10.623Z"}
{"level":"info","message":"POST /api/auth/login","timestamp":"2024-07-15T09:46:20.879Z"}
{"level":"info","message":"POST /api/auth/login","timestamp":"2024-07-15T09:46:59.410Z"}
{"level":"info","message":"POST /api/auth/login","timestamp":"2024-07-15T09:47:55.072Z"}
{"level":"info","message":"POST /api/orders/26","timestamp":"2024-07-15T09:48:41.949Z"}
{"level":"info","message":"POST /api/orders/26","timestamp":"2024-07-15T09:49:26.870Z"}
{"level":"info","message":"POST /api/orders/26","timestamp":"2024-07-15T09:50:25.665Z"}
{"level":"info","message":"POST /api/orders/26","timestamp":"2024-07-15T09:51:21.226Z"}
{"level":"info","message":"POST /api/auth/login","timestamp":"2024-07-15T09:54:29.930Z"}
{"level":"info","message":"POST /api/auth/login","timestamp":"2024-07-15T09:54:51.358Z"}
{"level":"info","message":"POST /api/auth/login","timestamp":"2024-07-15T09:55:07.303Z"}
{"level":"info","message":"POST /api/orders/26","timestamp":"2024-07-15T09:56:44.349Z"}
{"level":"info","message":"POST /api/orders/26","timestamp":"2024-07-15T09:57:05.121Z"}
{"level":"info","message":"POST /api/orders/26","timestamp":"2024-07-15T09:57:17.792Z"}
{"level":"info","message":"POST /api/orders/26","timestamp":"2024-07-15T09:57:34.420Z"}
{"level":"info","message":"POST /api/orders/26","timestamp":"2024-07-15T09:58:10.403Z"}
{"level":"info","message":"POST /api/orders/26","timestamp":"2024-07-15T10:03:22.954Z"}
{"level":"info","message":"POST /api/orders/26","timestamp":"2024-07-15T10:04:47.926Z"}
{"level":"info","message":"POST /api/orders/26","timestamp":"2024-07-15T10:07:00.337Z"}
{"level":"info","message":"GET /","timestamp":"2024-07-15T10:34:38.990Z"}
{"level":"info","message":"GET /api-docs/","timestamp":"2024-07-15T10:34:43.961Z"}
{"level":"info","message":"GET /api-docs/swagger-ui.css","timestamp":"2024-07-15T10:34:44.085Z"}
{"level":"info","message":"GET /api-docs/swagger-ui-bundle.js","timestamp":"2024-07-15T10:34:44.094Z"}
{"level":"info","message":"GET /api-docs/swagger-ui-standalone-preset.js","timestamp":"2024-07-15T10:34:44.099Z"}
{"level":"info","message":"GET /api-docs/swagger-ui-init.js","timestamp":"2024-07-15T10:34:44.101Z"}
{"level":"info","message":"GET /","timestamp":"2024-07-15T11:10:15.555Z"}
{"level":"info","message":"GET /favicon.ico","timestamp":"2024-07-15T11:10:15.879Z"}
{"level":"info","message":"GET /api-docs","timestamp":"2024-07-15T11:10:27.861Z"}
{"level":"info","message":"GET /api-docs/","timestamp":"2024-07-15T11:10:27.905Z"}
{"level":"info","message":"GET /api-docs/swagger-ui.css","timestamp":"2024-07-15T11:10:28.287Z"}
{"level":"info","message":"GET /api-docs/swagger-ui-bundle.js","timestamp":"2024-07-15T11:10:28.291Z"}
{"level":"info","message":"GET /api-docs/swagger-ui-standalone-preset.js","timestamp":"2024-07-15T11:10:28.293Z"}
{"level":"info","message":"GET /api-docs/swagger-ui-init.js","timestamp":"2024-07-15T11:10:28.294Z"}
{"level":"info","message":"GET /api-docs/favicon-32x32.png","timestamp":"2024-07-15T11:10:28.890Z"}
{"level":"info","message":"GET /api-docs/%23/","timestamp":"2024-07-15T11:11:05.863Z"}
{"level":"info","message":"GET /register","timestamp":"2024-07-15T11:13:20.313Z"}
{"level":"info","message":"POST /register","timestamp":"2024-07-15T11:13:23.680Z"}
{"level":"info","message":"POST /api/register","timestamp":"2024-07-15T11:13:39.075Z"}
{"level":"info","message":"GET /","timestamp":"2024-07-15T11:14:42.533Z"}
{"level":"info","message":"POST //api/auth","timestamp":"2024-07-15T11:15:31.075Z"}
{"level":"info","message":"GET //api/auth","timestamp":"2024-07-15T11:15:33.675Z"}
{"level":"info","message":"GET /api/auth","timestamp":"2024-07-15T11:15:48.762Z"}
{"level":"info","message":"POST /api/auth","timestamp":"2024-07-15T11:15:52.202Z"}
{"level":"info","message":"GET /api/auth","timestamp":"2024-07-15T11:16:45.760Z"}
{"level":"info","message":"POST /api/register","timestamp":"2024-07-15T11:17:33.044Z"}
{"level":"info","message":"GET /api/register","timestamp":"2024-07-15T11:17:36.210Z"}
{"level":"info","message":"GET /api-docs/%23/","timestamp":"2024-07-15T11:29:05.532Z"}
{"level":"info","message":"GET /api-docs/","timestamp":"2024-07-15T11:30:02.685Z"}
{"level":"info","message":"GET /api-docs/swagger-ui.css","timestamp":"2024-07-15T11:30:02.818Z"}
{"level":"info","message":"GET /api-docs/swagger-ui-bundle.js","timestamp":"2024-07-15T11:30:02.829Z"}
{"level":"info","message":"GET /api-docs/swagger-ui-standalone-preset.js","timestamp":"2024-07-15T11:30:02.832Z"}
{"level":"info","message":"GET /api-docs/swagger-ui-init.js","timestamp":"2024-07-15T11:30:02.835Z"}
{"level":"info","message":"GET /","timestamp":"2024-07-15T11:30:11.405Z"}
